<?xml version="1.0" encoding="UTF-8"?>
<!-- Generated by org.testng.reporters.JUnitReportReporter -->
<testsuite skipped="0" hostname="Ashwin" name="com.techlistic.testcase.TechlisticOrder" tests="1" failures="0" timestamp="2020-08-06T00:01:26 IST" time="47.134" errors="0">
  <testcase name="placeAnOrder" time="47.134" classname="com.techlistic.testcase.TechlisticOrder"/>
</testsuite> <!-- com.techlistic.testcase.TechlisticOrder -->
