<?xml version="1.0" encoding="UTF-8"?>
<!-- Generated by org.testng.reporters.JUnitReportReporter -->
<testsuite skipped="0" hostname="Ashwin" name="com.techlistic.testcase.TechlisticOrder" tests="1" failures="0" timestamp="2020-08-07T12:39:25 IST" time="122.197" errors="0">
  <testcase name="placeAnOrder" time="122.197" classname="com.techlistic.testcase.TechlisticOrder"/>
</testsuite> <!-- com.techlistic.testcase.TechlisticOrder -->
